<?xml version="1.0" encoding="UTF-8"?>
<!-- Generated by org.testng.reporters.JUnitReportReporter -->
<testsuite hostname="Dell-5577-Sidhu" failures="0" tests="4" name="test_runner.TestNgRunner" time="37.716" errors="0" timestamp="2024-05-20T21:18:50 EDT" skipped="0">
  <testcase classname="test_runner.TestNgRunner" name="runScenario" time="9.683"/>
  <testcase classname="test_runner.TestNgRunner" name="runScenario" time="7.873"/>
  <testcase classname="test_runner.TestNgRunner" name="runScenario" time="10.038"/>
  <testcase classname="test_runner.TestNgRunner" name="runScenario" time="10.122"/>
</testsuite> <!-- test_runner.TestNgRunner -->
